<?xml version="1.0" encoding="UTF-8"?>
<coverage generated="1766602487712" clover="3.2.0">
  <project timestamp="1766602487712" name="All files">
    <metrics statements="46" coveredstatements="37" conditionals="15" coveredconditionals="8" methods="14" coveredmethods="10" elements="75" coveredelements="55" complexity="0" loc="46" ncloc="46" packages="7" files="9" classes="9"/>
    <package name="src">
      <metrics statements="2" coveredstatements="2" conditionals="0" coveredconditionals="0" methods="1" coveredmethods="1"/>
      <file name="GifsApp.tsx" path="E:\DOCUMENTOS\000PROGAMACIÓN\04JREACT\GifsSearchApp2025\src\GifsApp.tsx">
        <metrics statements="2" coveredstatements="2" conditionals="0" coveredconditionals="0" methods="1" coveredmethods="1"/>
        <line num="9" count="1" type="stmt"/>
        <line num="11" count="1" type="stmt"/>
      </file>
    </package>
    <package name="src.gifs.actions">
      <metrics statements="8" coveredstatements="8" conditionals="2" coveredconditionals="2" methods="2" coveredmethods="2"/>
      <file name="get.gifs.by.query.action.ts" path="E:\DOCUMENTOS\000PROGAMACIÓN\04JREACT\GifsSearchApp2025\src\gifs\actions\get.gifs.by.query.action.ts">
        <metrics statements="8" coveredstatements="8" conditionals="2" coveredconditionals="2" methods="2" coveredmethods="2"/>
        <line num="6" count="3" type="stmt"/>
        <line num="9" count="7" type="cond" truecount="2" falsecount="0"/>
        <line num="10" count="1" type="stmt"/>
        <line num="13" count="6" type="stmt"/>
        <line num="14" count="6" type="stmt"/>
        <line num="23" count="65" type="stmt"/>
        <line num="32" count="1" type="stmt"/>
        <line num="33" count="1" type="stmt"/>
      </file>
    </package>
    <package name="src.gifs.api">
      <metrics statements="1" coveredstatements="1" conditionals="0" coveredconditionals="0" methods="0" coveredmethods="0"/>
      <file name="giphy.api.ts" path="E:\DOCUMENTOS\000PROGAMACIÓN\04JREACT\GifsSearchApp2025\src\gifs\api\giphy.api.ts">
        <metrics statements="1" coveredstatements="1" conditionals="0" coveredconditionals="0" methods="0" coveredmethods="0"/>
        <line num="3" count="4" type="stmt"/>
      </file>
    </package>
    <package name="src.gifs.components">
      <metrics statements="1" coveredstatements="0" conditionals="2" coveredconditionals="1" methods="1" coveredmethods="0"/>
      <file name="GifsList.tsx" path="E:\DOCUMENTOS\000PROGAMACIÓN\04JREACT\GifsSearchApp2025\src\gifs\components\GifsList.tsx">
        <metrics statements="0" coveredstatements="0" conditionals="0" coveredconditionals="0" methods="0" coveredmethods="0"/>
      </file>
      <file name="PreviousSearches.tsx" path="E:\DOCUMENTOS\000PROGAMACIÓN\04JREACT\GifsSearchApp2025\src\gifs\components\PreviousSearches.tsx">
        <metrics statements="1" coveredstatements="0" conditionals="2" coveredconditionals="1" methods="1" coveredmethods="0"/>
        <line num="16" count="0" type="stmt"/>
      </file>
    </package>
    <package name="src.gifs.hooks">
      <metrics statements="20" coveredstatements="15" conditionals="6" coveredconditionals="2" methods="3" coveredmethods="2"/>
      <file name="useGifs.tsx" path="E:\DOCUMENTOS\000PROGAMACIÓN\04JREACT\GifsSearchApp2025\src\gifs\hooks\useGifs.tsx">
        <metrics statements="20" coveredstatements="15" conditionals="6" coveredconditionals="2" methods="3" coveredmethods="2"/>
        <line num="5" count="2" type="stmt"/>
        <line num="7" count="18" type="stmt"/>
        <line num="8" count="18" type="stmt"/>
        <line num="10" count="18" type="stmt"/>
        <line num="12" count="18" type="stmt"/>
        <line num="14" count="0" type="cond" truecount="0" falsecount="2"/>
        <line num="15" count="0" type="stmt"/>
        <line num="16" count="0" type="stmt"/>
        <line num="18" count="0" type="stmt"/>
        <line num="19" count="0" type="stmt"/>
        <line num="23" count="18" type="stmt"/>
        <line num="26" count="12" type="cond" truecount="1" falsecount="1"/>
        <line num="28" count="12" type="stmt"/>
        <line num="31" count="12" type="stmt"/>
        <line num="33" count="12" type="cond" truecount="1" falsecount="1"/>
        <line num="35" count="12" type="stmt"/>
        <line num="37" count="12" type="stmt"/>
        <line num="40" count="12" type="stmt"/>
        <line num="42" count="12" type="stmt"/>
        <line num="45" count="18" type="stmt"/>
      </file>
    </package>
    <package name="src.shared.components">
      <metrics statements="13" coveredstatements="10" conditionals="5" coveredconditionals="3" methods="7" coveredmethods="5"/>
      <file name="CustomHeader.tsx" path="E:\DOCUMENTOS\000PROGAMACIÓN\04JREACT\GifsSearchApp2025\src\shared\components\CustomHeader.tsx">
        <metrics statements="0" coveredstatements="0" conditionals="2" coveredconditionals="2" methods="0" coveredmethods="0"/>
      </file>
      <file name="SearchBar.tsx" path="E:\DOCUMENTOS\000PROGAMACIÓN\04JREACT\GifsSearchApp2025\src\shared\components\SearchBar.tsx">
        <metrics statements="13" coveredstatements="10" conditionals="3" coveredconditionals="1" methods="7" coveredmethods="5"/>
        <line num="8" count="2" type="cond" truecount="1" falsecount="0"/>
        <line num="9" count="12" type="stmt"/>
        <line num="11" count="12" type="stmt"/>
        <line num="12" count="12" type="stmt"/>
        <line num="13" count="0" type="stmt"/>
        <line num="16" count="12" type="stmt"/>
        <line num="17" count="12" type="stmt"/>
        <line num="21" count="12" type="stmt"/>
        <line num="22" count="1" type="stmt"/>
        <line num="25" count="12" type="stmt"/>
        <line num="26" count="0" type="cond" truecount="0" falsecount="2"/>
        <line num="27" count="0" type="stmt"/>
        <line num="37" count="6" type="stmt"/>
      </file>
    </package>
    <package name="src.tests.mocks">
      <metrics statements="1" coveredstatements="1" conditionals="0" coveredconditionals="0" methods="0" coveredmethods="0"/>
      <file name="giphy.response.data.ts" path="E:\DOCUMENTOS\000PROGAMACIÓN\04JREACT\GifsSearchApp2025\src\tests\mocks\giphy.response.data.ts">
        <metrics statements="1" coveredstatements="1" conditionals="0" coveredconditionals="0" methods="0" coveredmethods="0"/>
        <line num="1" count="1" type="stmt"/>
      </file>
    </package>
  </project>
</coverage>
