{"E:\\DOCUMENTOS\\000PROGAMACIÓN\\04JREACT\\GifsSearchApp2025\\src\\GifsApp.tsx": {"path":"E:\\DOCUMENTOS\\000PROGAMACIÓN\\04JREACT\\GifsSearchApp2025\\src\\GifsApp.tsx","statementMap":{"0":{"start":{"line":9,"column":23},"end":{"line":39,"column":null}},"1":{"start":{"line":11,"column":71},"end":{"line":11,"column":null}}},"fnMap":{"0":{"name":"(anonymous_0)","decl":{"start":{"line":9,"column":23},"end":{"line":9,"column":null}},"loc":{"start":{"line":9,"column":23},"end":{"line":39,"column":null}},"line":9}},"branchMap":{},"s":{"0":1,"1":1},"f":{"0":1},"b":{},"meta":{"lastBranch":0,"lastFunction":1,"lastStatement":2,"seen":{"s:9:23:39:Infinity":0,"f:9:23:9:Infinity":0,"s:11:71:11:Infinity":1}}}
,"E:\\DOCUMENTOS\\000PROGAMACIÓN\\04JREACT\\GifsSearchApp2025\\src\\gifs\\actions\\get.gifs.by.query.action.ts": {"path":"E:\\DOCUMENTOS\\000PROGAMACIÓN\\04JREACT\\GifsSearchApp2025\\src\\gifs\\actions\\get.gifs.by.query.action.ts","statementMap":{"0":{"start":{"line":6,"column":29},"end":{"line":37,"column":null}},"1":{"start":{"line":9,"column":4},"end":{"line":11,"column":null}},"2":{"start":{"line":10,"column":8},"end":{"line":10,"column":null}},"3":{"start":{"line":13,"column":4},"end":{"line":34,"column":null}},"4":{"start":{"line":14,"column":26},"end":{"line":19,"column":null}},"5":{"start":{"line":23,"column":8},"end":{"line":29,"column":null}},"6":{"start":{"line":23,"column":48},"end":{"line":29,"column":null}},"7":{"start":{"line":32,"column":8},"end":{"line":32,"column":null}},"8":{"start":{"line":33,"column":8},"end":{"line":33,"column":null}}},"fnMap":{"0":{"name":"(anonymous_0)","decl":{"start":{"line":6,"column":29},"end":{"line":6,"column":35}},"loc":{"start":{"line":6,"column":35},"end":{"line":37,"column":null}},"line":6},"1":{"name":"(anonymous_1)","decl":{"start":{"line":23,"column":38},"end":{"line":23,"column":39}},"loc":{"start":{"line":23,"column":48},"end":{"line":29,"column":null}},"line":23}},"branchMap":{"0":{"loc":{"start":{"line":9,"column":4},"end":{"line":11,"column":null}},"type":"if","locations":[{"start":{"line":9,"column":4},"end":{"line":11,"column":null}},{"start":{},"end":{}}],"line":9}},"s":{"0":3,"1":7,"2":1,"3":6,"4":6,"5":5,"6":65,"7":1,"8":1},"f":{"0":7,"1":65},"b":{"0":[1,6]},"meta":{"lastBranch":1,"lastFunction":2,"lastStatement":9,"seen":{"s:6:29:37:Infinity":0,"f:6:29:6:35":0,"b:9:4:11:Infinity:undefined:undefined:undefined:undefined":0,"s:9:4:11:Infinity":1,"s:10:8:10:Infinity":2,"s:13:4:34:Infinity":3,"s:14:26:19:Infinity":4,"s:23:8:29:Infinity":5,"f:23:38:23:39":1,"s:23:48:29:Infinity":6,"s:32:8:32:Infinity":7,"s:33:8:33:Infinity":8}}}
,"E:\\DOCUMENTOS\\000PROGAMACIÓN\\04JREACT\\GifsSearchApp2025\\src\\gifs\\api\\giphy.api.ts": {"path":"E:\\DOCUMENTOS\\000PROGAMACIÓN\\04JREACT\\GifsSearchApp2025\\src\\gifs\\api\\giphy.api.ts","statementMap":{"0":{"start":{"line":3,"column":24},"end":{"line":9,"column":null}}},"fnMap":{},"branchMap":{},"s":{"0":4},"f":{},"b":{},"meta":{"lastBranch":0,"lastFunction":0,"lastStatement":1,"seen":{"s:3:24:9:Infinity":0}}}
,"E:\\DOCUMENTOS\\000PROGAMACIÓN\\04JREACT\\GifsSearchApp2025\\src\\gifs\\components\\GifsList.tsx": {"path":"E:\\DOCUMENTOS\\000PROGAMACIÓN\\04JREACT\\GifsSearchApp2025\\src\\gifs\\components\\GifsList.tsx","statementMap":{},"fnMap":{},"branchMap":{},"s":{},"f":{},"b":{},"meta":{"lastBranch":0,"lastFunction":0,"lastStatement":0,"seen":{}}}
,"E:\\DOCUMENTOS\\000PROGAMACIÓN\\04JREACT\\GifsSearchApp2025\\src\\gifs\\components\\PreviousSearches.tsx": {"path":"E:\\DOCUMENTOS\\000PROGAMACIÓN\\04JREACT\\GifsSearchApp2025\\src\\gifs\\components\\PreviousSearches.tsx","statementMap":{"0":{"start":{"line":16,"column":41},"end":{"line":16,"column":null}}},"fnMap":{"0":{"name":"(anonymous_0)","decl":{"start":{"line":16,"column":35},"end":{"line":16,"column":41}},"loc":{"start":{"line":16,"column":41},"end":{"line":16,"column":null}},"line":16}},"branchMap":{"0":{"loc":{"start":{"line":12,"column":18},"end":{"line":12,"column":null}},"type":"cond-expr","locations":[{"start":{"line":12,"column":29},"end":{"line":12,"column":40}},{"start":{"line":12,"column":40},"end":{"line":12,"column":null}}],"line":12}},"s":{"0":0},"f":{"0":0},"b":{"0":[1,0]},"meta":{"lastBranch":1,"lastFunction":1,"lastStatement":1,"seen":{"b:12:29:12:40:12:40:12:Infinity":0,"f:16:35:16:41":0,"s:16:41:16:Infinity":0}}}
,"E:\\DOCUMENTOS\\000PROGAMACIÓN\\04JREACT\\GifsSearchApp2025\\src\\gifs\\hooks\\useGifs.tsx": {"path":"E:\\DOCUMENTOS\\000PROGAMACIÓN\\04JREACT\\GifsSearchApp2025\\src\\gifs\\hooks\\useGifs.tsx","statementMap":{"0":{"start":{"line":5,"column":23},"end":{"line":53,"column":null}},"1":{"start":{"line":7,"column":46},"end":{"line":7,"column":75}},"2":{"start":{"line":8,"column":31},"end":{"line":8,"column":null}},"3":{"start":{"line":10,"column":10},"end":{"line":10,"column":null}},"4":{"start":{"line":12,"column":30},"end":{"line":21,"column":null}},"5":{"start":{"line":14,"column":8},"end":{"line":17,"column":null}},"6":{"start":{"line":15,"column":12},"end":{"line":15,"column":null}},"7":{"start":{"line":16,"column":12},"end":{"line":16,"column":null}},"8":{"start":{"line":18,"column":21},"end":{"line":18,"column":null}},"9":{"start":{"line":19,"column":8},"end":{"line":19,"column":null}},"10":{"start":{"line":23,"column":25},"end":{"line":43,"column":null}},"11":{"start":{"line":26,"column":8},"end":{"line":26,"column":null}},"12":{"start":{"line":26,"column":32},"end":{"line":26,"column":null}},"13":{"start":{"line":28,"column":31},"end":{"line":28,"column":59}},"14":{"start":{"line":31,"column":29},"end":{"line":31,"column":null}},"15":{"start":{"line":33,"column":8},"end":{"line":33,"column":null}},"16":{"start":{"line":33,"column":26},"end":{"line":33,"column":null}},"17":{"start":{"line":35,"column":8},"end":{"line":35,"column":null}},"18":{"start":{"line":37,"column":21},"end":{"line":37,"column":null}},"19":{"start":{"line":40,"column":8},"end":{"line":40,"column":null}},"20":{"start":{"line":42,"column":8},"end":{"line":42,"column":null}},"21":{"start":{"line":45,"column":8},"end":{"line":52,"column":null}}},"fnMap":{"0":{"name":"(anonymous_0)","decl":{"start":{"line":5,"column":23},"end":{"line":5,"column":null}},"loc":{"start":{"line":5,"column":23},"end":{"line":53,"column":null}},"line":5},"1":{"name":"(anonymous_1)","decl":{"start":{"line":12,"column":30},"end":{"line":12,"column":37}},"loc":{"start":{"line":12,"column":37},"end":{"line":21,"column":null}},"line":12},"2":{"name":"(anonymous_2)","decl":{"start":{"line":23,"column":25},"end":{"line":23,"column":32}},"loc":{"start":{"line":23,"column":32},"end":{"line":43,"column":null}},"line":23}},"branchMap":{"0":{"loc":{"start":{"line":14,"column":8},"end":{"line":17,"column":null}},"type":"if","locations":[{"start":{"line":14,"column":8},"end":{"line":17,"column":null}},{"start":{},"end":{}}],"line":14},"1":{"loc":{"start":{"line":26,"column":8},"end":{"line":26,"column":null}},"type":"if","locations":[{"start":{"line":26,"column":8},"end":{"line":26,"column":null}},{"start":{},"end":{}}],"line":26},"2":{"loc":{"start":{"line":33,"column":8},"end":{"line":33,"column":null}},"type":"if","locations":[{"start":{"line":33,"column":8},"end":{"line":33,"column":null}},{"start":{},"end":{}}],"line":33}},"s":{"0":2,"1":18,"2":18,"3":18,"4":18,"5":0,"6":0,"7":0,"8":0,"9":0,"10":18,"11":12,"12":0,"13":12,"14":12,"15":12,"16":0,"17":12,"18":12,"19":12,"20":12,"21":18},"f":{"0":18,"1":0,"2":12},"b":{"0":[0,0],"1":[0,12],"2":[0,12]},"meta":{"lastBranch":3,"lastFunction":3,"lastStatement":22,"seen":{"s:5:23:53:Infinity":0,"f:5:23:5:Infinity":0,"s:7:46:7:75":1,"s:8:31:8:Infinity":2,"s:10:10:10:Infinity":3,"s:12:30:21:Infinity":4,"f:12:30:12:37":1,"b:14:8:17:Infinity:undefined:undefined:undefined:undefined":0,"s:14:8:17:Infinity":5,"s:15:12:15:Infinity":6,"s:16:12:16:Infinity":7,"s:18:21:18:Infinity":8,"s:19:8:19:Infinity":9,"s:23:25:43:Infinity":10,"f:23:25:23:32":2,"b:26:8:26:Infinity:undefined:undefined:undefined:undefined":1,"s:26:8:26:Infinity":11,"s:26:32:26:Infinity":12,"s:28:31:28:59":13,"s:31:29:31:Infinity":14,"b:33:8:33:Infinity:undefined:undefined:undefined:undefined":2,"s:33:8:33:Infinity":15,"s:33:26:33:Infinity":16,"s:35:8:35:Infinity":17,"s:37:21:37:Infinity":18,"s:40:8:40:Infinity":19,"s:42:8:42:Infinity":20,"s:45:8:52:Infinity":21}}}
,"E:\\DOCUMENTOS\\000PROGAMACIÓN\\04JREACT\\GifsSearchApp2025\\src\\shared\\components\\CustomHeader.tsx": {"path":"E:\\DOCUMENTOS\\000PROGAMACIÓN\\04JREACT\\GifsSearchApp2025\\src\\shared\\components\\CustomHeader.tsx","statementMap":{},"fnMap":{},"branchMap":{"0":{"loc":{"start":{"line":9,"column":12},"end":{"line":9,"column":null}},"type":"cond-expr","locations":[{"start":{"line":9,"column":25},"end":{"line":9,"column":38}},{"start":{"line":9,"column":38},"end":{"line":9,"column":null}}],"line":9}},"s":{},"f":{},"b":{"0":[2,2]},"meta":{"lastBranch":1,"lastFunction":0,"lastStatement":0,"seen":{"b:9:25:9:38:9:38:9:Infinity":0}}}
,"E:\\DOCUMENTOS\\000PROGAMACIÓN\\04JREACT\\GifsSearchApp2025\\src\\shared\\components\\SearchBar.tsx": {"path":"E:\\DOCUMENTOS\\000PROGAMACIÓN\\04JREACT\\GifsSearchApp2025\\src\\shared\\components\\SearchBar.tsx","statementMap":{"0":{"start":{"line":8,"column":25},"end":{"line":44,"column":null}},"1":{"start":{"line":9,"column":31},"end":{"line":9,"column":47}},"2":{"start":{"line":11,"column":8},"end":{"line":19,"column":29}},"3":{"start":{"line":12,"column":30},"end":{"line":14,"column":null}},"4":{"start":{"line":13,"column":16},"end":{"line":13,"column":null}},"5":{"start":{"line":16,"column":12},"end":{"line":18,"column":null}},"6":{"start":{"line":17,"column":16},"end":{"line":17,"column":null}},"7":{"start":{"line":21,"column":29},"end":{"line":23,"column":null}},"8":{"start":{"line":22,"column":12},"end":{"line":22,"column":null}},"9":{"start":{"line":25,"column":30},"end":{"line":29,"column":null}},"10":{"start":{"line":26,"column":12},"end":{"line":28,"column":null}},"11":{"start":{"line":27,"column":16},"end":{"line":27,"column":null}},"12":{"start":{"line":37,"column":46},"end":{"line":37,"column":null}}},"fnMap":{"0":{"name":"(anonymous_0)","decl":{"start":{"line":8,"column":25},"end":{"line":8,"column":27}},"loc":{"start":{"line":8,"column":68},"end":{"line":44,"column":null}},"line":8},"1":{"name":"(anonymous_1)","decl":{"start":{"line":11,"column":18},"end":{"line":11,"column":null}},"loc":{"start":{"line":11,"column":18},"end":{"line":19,"column":10}},"line":11},"2":{"name":"(anonymous_2)","decl":{"start":{"line":12,"column":41},"end":{"line":12,"column":null}},"loc":{"start":{"line":12,"column":41},"end":{"line":14,"column":15}},"line":12},"3":{"name":"(anonymous_3)","decl":{"start":{"line":16,"column":19},"end":{"line":16,"column":null}},"loc":{"start":{"line":16,"column":19},"end":{"line":18,"column":null}},"line":16},"4":{"name":"(anonymous_4)","decl":{"start":{"line":21,"column":29},"end":{"line":21,"column":null}},"loc":{"start":{"line":21,"column":29},"end":{"line":23,"column":null}},"line":21},"5":{"name":"(anonymous_5)","decl":{"start":{"line":25,"column":30},"end":{"line":25,"column":31}},"loc":{"start":{"line":25,"column":31},"end":{"line":29,"column":null}},"line":25},"6":{"name":"(anonymous_6)","decl":{"start":{"line":37,"column":35},"end":{"line":37,"column":36}},"loc":{"start":{"line":37,"column":46},"end":{"line":37,"column":null}},"line":37}},"branchMap":{"0":{"loc":{"start":{"line":8,"column":28},"end":{"line":8,"column":50}},"type":"default-arg","locations":[{"start":{"line":8,"column":42},"end":{"line":8,"column":50}}],"line":8},"1":{"loc":{"start":{"line":26,"column":12},"end":{"line":28,"column":null}},"type":"if","locations":[{"start":{"line":26,"column":12},"end":{"line":28,"column":null}},{"start":{},"end":{}}],"line":26}},"s":{"0":2,"1":12,"2":12,"3":12,"4":0,"5":12,"6":12,"7":12,"8":1,"9":12,"10":0,"11":0,"12":6},"f":{"0":12,"1":12,"2":0,"3":12,"4":1,"5":0,"6":6},"b":{"0":[12],"1":[0,0]},"meta":{"lastBranch":2,"lastFunction":7,"lastStatement":13,"seen":{"s:8:25:44:Infinity":0,"f:8:25:8:27":0,"b:8:42:8:50":0,"s:9:31:9:47":1,"s:11:8:19:29":2,"f:11:18:11:Infinity":1,"s:12:30:14:Infinity":3,"f:12:41:12:Infinity":2,"s:13:16:13:Infinity":4,"s:16:12:18:Infinity":5,"f:16:19:16:Infinity":3,"s:17:16:17:Infinity":6,"s:21:29:23:Infinity":7,"f:21:29:21:Infinity":4,"s:22:12:22:Infinity":8,"s:25:30:29:Infinity":9,"f:25:30:25:31":5,"b:26:12:28:Infinity:undefined:undefined:undefined:undefined":1,"s:26:12:28:Infinity":10,"s:27:16:27:Infinity":11,"f:37:35:37:36":6,"s:37:46:37:Infinity":12}}}
,"E:\\DOCUMENTOS\\000PROGAMACIÓN\\04JREACT\\GifsSearchApp2025\\src\\tests\\mocks\\giphy.response.data.ts": {"path":"E:\\DOCUMENTOS\\000PROGAMACIÓN\\04JREACT\\GifsSearchApp2025\\src\\tests\\mocks\\giphy.response.data.ts","statementMap":{"0":{"start":{"line":1,"column":39},"end":{"line":5314,"column":null}}},"fnMap":{},"branchMap":{},"s":{"0":1},"f":{},"b":{},"meta":{"lastBranch":0,"lastFunction":0,"lastStatement":1,"seen":{"s:1:39:5314:Infinity":0}}}
}
